$ ./kernel.exe 
 
 ***************** Verification against 'imp_sol.1.0' *****************
 
 Number of verified variables:            2
 Number of identical variables:            2
 Number of non-identical variables within tolerance:            0
 Number of non-identical variables out of tolerance:            0
 Tolerance:   1.000000000000000E-015
 
 Verification PASSED
 
 imp_sol : Time per call (usec):    1000949.00000000     
 
 ***************** Verification against 'imp_sol.48.0' *****************
 
 Number of verified variables:            2
 Number of identical variables:            2
 Number of non-identical variables within tolerance:            0
 Number of non-identical variables out of tolerance:            0
 Tolerance:   1.000000000000000E-015
 
 Verification PASSED
 
 imp_sol : Time per call (usec):    988802.375000000     
 
 ***************** Verification against 'imp_sol.1.60' *****************
 
 Number of verified variables:            2
 Number of identical variables:            2
 Number of non-identical variables within tolerance:            0
 Number of non-identical variables out of tolerance:            0
 Tolerance:   1.000000000000000E-015
 
 Verification PASSED
 
 imp_sol : Time per call (usec):    1006028.56250000     
 
 ***************** Verification against 'imp_sol.48.60' *****************
 
 Number of verified variables:            2
 Number of identical variables:            2
 Number of non-identical variables within tolerance:            0
 Number of non-identical variables out of tolerance:            0
 Tolerance:   1.000000000000000E-015
 
 Verification PASSED
 
 imp_sol : Time per call (usec):    987375.625000000     
 
 ******************************************************************************
 imp_sol summary: Total number of verification cases: 4
 imp_sol summary: Average call time of all calls (usec): 
   995788.890625000     
 ******************************************************************************
