Flat profile:

Each sample counts as 0.01 seconds.
  %   cumulative   self              self     total           
 time   seconds   seconds    calls  ms/call  ms/call  name    
 38.24      0.13     0.13  6080608     0.00     0.00  diffusion_mp_diffusion_zt_lhs_
 26.47      0.22     0.09   170017     0.00     0.00  advance_windm_edsclrm_module_mp_windm_edsclrm_rhs_
 14.71      0.27     0.05    10001     0.00     0.03  advance_windm_edsclrm_module_mp_advance_windm_edsclrm_
 11.76      0.31     0.04 10541054     0.00     0.00  advance_windm_edsclrm_module_mp_xpwp_fnc_
  5.88      0.33     0.02    20002     0.00     0.00  clip_explicit_mp_clip_covar_
  2.94      0.34     0.01    20002     0.00     0.00  lapack_wrap_mp_tridag_solve_
  0.00      0.34     0.00    40004     0.00     0.00  error_code_mp_fatal_error_
  0.00      0.34     0.00    20002     0.00     0.00  advance_windm_edsclrm_module_mp_compute_uv_tndcy_
  0.00      0.34     0.00    20002     0.00     0.00  advance_windm_edsclrm_module_mp_windm_edsclrm_lhs_
  0.00      0.34     0.00    20002     0.00     0.00  advance_windm_edsclrm_module_mp_windm_edsclrm_solve_
  0.00      0.34     0.00    10001     0.00     0.00  error_code_mp_clubb_at_least_debug_level_
  0.00      0.34     0.00       12     0.00     0.00  kernel_driver_IP_kgen_read_real_core_rknd_dim1_
  0.00      0.34     0.00        9     0.00     0.00  stat_file_module_mp_kgen_read_real_core_rknd_dim1_ptr_
  0.00      0.34     0.00        6     0.00     0.00  grid_class_mp_kgen_read_real_core_rknd_dim1_ptr_
  0.00      0.34     0.00        6     0.00     0.00  stats_variables_mp_kgen_read_real_core_rknd_dim1_alloc_
  0.00      0.34     0.00        4     0.00     0.00  advance_clubb_core_moduleadvance_clubb_core_mp_kgen_verify_real_core_rknd_dim1_
  0.00      0.34     0.00        4     0.00     0.00  variables_diagnostic_module_mp_kgen_read_real_core_rknd_dim1_alloc_
  0.00      0.34     0.00        3     0.00     0.00  stat_file_module_mp_kgen_read_stat_file_
  0.00      0.34     0.00        3     0.00     0.00  stat_file_module_mp_kgen_read_variable_dim1_ptr_
  0.00      0.34     0.00        3     0.00     0.00  stats_type_mp_kgen_read_integer_stat_nknd_dim4_ptr_
  0.00      0.34     0.00        3     0.00     0.00  stats_type_mp_kgen_read_logical_4_dim4_ptr_
  0.00      0.34     0.00        3     0.00     0.00  stats_type_mp_kgen_read_real_core_rknd_dim1_ptr_
  0.00      0.34     0.00        3     0.00     0.00  stats_type_mp_kgen_read_real_stat_rknd_dim4_ptr_
  0.00      0.34     0.00        3     0.00     0.00  stats_type_mp_kgen_read_stats_
  0.00      0.34     0.00        2     0.00     0.00  grid_class_mp_kgen_read_real_core_rknd_dim2_ptr_
  0.00      0.34     0.00        2     0.00     0.00  kernel_driver_IP_kgen_read_real_core_rknd_dim2_
  0.00      0.34     0.00        1     0.00   340.00  MAIN__
  0.00      0.34     0.00        1     0.00   340.00  advance_clubb_core_module_mp_advance_clubb_core_
  0.00      0.34     0.00        1     0.00     0.00  advance_clubb_core_moduleadvance_clubb_core_mp_kgen_verify_real_core_rknd_dim2_
  0.00      0.34     0.00        1     0.00     0.00  error_code_mp_kgen_read_externs_error_code_
  0.00      0.34     0.00        1     0.00     0.00  grid_class_mp_kgen_read_externs_grid_class_
  0.00      0.34     0.00        1     0.00     0.00  kgen_utils_mod_mp_kgen_init_check_
  0.00      0.34     0.00        1     0.00     0.00  kgen_utils_mod_mp_kgen_print_check_
  0.00      0.34     0.00        1     0.00     0.00  model_flags_mp_kgen_read_externs_model_flags_
  0.00      0.34     0.00        1     0.00     0.00  parameters_model_mp_kgen_read_externs_parameters_model_
  0.00      0.34     0.00        1     0.00     0.00  parameters_tunable_mp_kgen_read_externs_parameters_tunable_
  0.00      0.34     0.00        1     0.00     0.00  sponge_layer_damping_mp_kgen_read_externs_sponge_layer_damping_
  0.00      0.34     0.00        1     0.00     0.00  sponge_layer_damping_mp_kgen_read_real_core_rknd_dim1_ptr_
  0.00      0.34     0.00        1     0.00     0.00  stat_file_module_mp_kgen_read_externs_stat_file_module_
  0.00      0.34     0.00        1     0.00     0.00  stats_variables_mp_kgen_read_externs_stats_variables_
  0.00      0.34     0.00        1     0.00     0.00  variables_diagnostic_module_mp_kgen_read_externs_variables_diagnostic_module_

 %         the percentage of the total running time of the
time       program used by this function.

cumulative a running sum of the number of seconds accounted
 seconds   for by this function and those listed above it.

 self      the number of seconds accounted for by this
seconds    function alone.  This is the major sort for this
           listing.

calls      the number of times this function was invoked, if
           this function is profiled, else blank.
 
 self      the average number of milliseconds spent in this
ms/call    function per call, if this function is profiled,
	   else blank.

 total     the average number of milliseconds spent in this
ms/call    function and its descendents per call, if this 
	   function is profiled, else blank.

name       the name of the function.  This is the minor sort
           for this listing. The index shows the location of
	   the function in the gprof listing. If the index is
	   in parenthesis it shows where it would appear in
	   the gprof listing if it were to be printed.

		     Call graph (explanation follows)


granularity: each sample hit covers 2 byte(s) for 2.94% of 0.34 seconds

index % time    self  children    called     name
                0.05    0.29   10001/10001       advance_clubb_core_module_mp_advance_clubb_core_ [3]
[1]    100.0    0.05    0.29   10001         advance_windm_edsclrm_module_mp_advance_windm_edsclrm_ [1]
                0.09    0.12  170017/170017      advance_windm_edsclrm_module_mp_windm_edsclrm_rhs_ [5]
                0.04    0.00 10541054/10541054     advance_windm_edsclrm_module_mp_xpwp_fnc_ [7]
                0.02    0.00   20002/20002       clip_explicit_mp_clip_covar_ [8]
                0.00    0.01   20002/20002       advance_windm_edsclrm_module_mp_windm_edsclrm_lhs_ [9]
                0.00    0.01   20002/20002       advance_windm_edsclrm_module_mp_windm_edsclrm_solve_ [10]
                0.00    0.00   40004/40004       error_code_mp_fatal_error_ [12]
                0.00    0.00   20002/20002       advance_windm_edsclrm_module_mp_compute_uv_tndcy_ [13]
                0.00    0.00   10001/10001       error_code_mp_clubb_at_least_debug_level_ [14]
-----------------------------------------------
                0.00    0.34       1/1           main [4]
[2]    100.0    0.00    0.34       1         MAIN__ [2]
                0.00    0.34       1/1           advance_clubb_core_module_mp_advance_clubb_core_ [3]
                0.00    0.00      12/12          kernel_driver_IP_kgen_read_real_core_rknd_dim1_ [15]
                0.00    0.00       2/2           kernel_driver_IP_kgen_read_real_core_rknd_dim2_ [29]
                0.00    0.00       1/1           sponge_layer_damping_mp_kgen_read_externs_sponge_layer_damping_ [38]
                0.00    0.00       1/1           stats_variables_mp_kgen_read_externs_stats_variables_ [41]
                0.00    0.00       1/1           grid_class_mp_kgen_read_externs_grid_class_ [32]
                0.00    0.00       1/1           variables_diagnostic_module_mp_kgen_read_externs_variables_diagnostic_module_ [42]
                0.00    0.00       1/1           model_flags_mp_kgen_read_externs_model_flags_ [35]
                0.00    0.00       1/1           stat_file_module_mp_kgen_read_externs_stat_file_module_ [40]
                0.00    0.00       1/1           parameters_model_mp_kgen_read_externs_parameters_model_ [36]
                0.00    0.00       1/1           parameters_tunable_mp_kgen_read_externs_parameters_tunable_ [37]
                0.00    0.00       1/1           error_code_mp_kgen_read_externs_error_code_ [31]
-----------------------------------------------
                0.00    0.34       1/1           MAIN__ [2]
[3]    100.0    0.00    0.34       1         advance_clubb_core_module_mp_advance_clubb_core_ [3]
                0.05    0.29   10001/10001       advance_windm_edsclrm_module_mp_advance_windm_edsclrm_ [1]
                0.00    0.00       4/4           advance_clubb_core_moduleadvance_clubb_core_mp_kgen_verify_real_core_rknd_dim1_ [19]
                0.00    0.00       1/1           kgen_utils_mod_mp_kgen_init_check_ [33]
                0.00    0.00       1/1           advance_clubb_core_moduleadvance_clubb_core_mp_kgen_verify_real_core_rknd_dim2_ [30]
                0.00    0.00       1/1           kgen_utils_mod_mp_kgen_print_check_ [34]
-----------------------------------------------
                                                 <spontaneous>
[4]    100.0    0.00    0.34                 main [4]
                0.00    0.34       1/1           MAIN__ [2]
-----------------------------------------------
                0.09    0.12  170017/170017      advance_windm_edsclrm_module_mp_advance_windm_edsclrm_ [1]
[5]     60.7    0.09    0.12  170017         advance_windm_edsclrm_module_mp_windm_edsclrm_rhs_ [5]
                0.12    0.00 5440544/6080608     diffusion_mp_diffusion_zt_lhs_ [6]
-----------------------------------------------
                0.01    0.00  640064/6080608     advance_windm_edsclrm_module_mp_windm_edsclrm_lhs_ [9]
                0.12    0.00 5440544/6080608     advance_windm_edsclrm_module_mp_windm_edsclrm_rhs_ [5]
[6]     38.2    0.13    0.00 6080608         diffusion_mp_diffusion_zt_lhs_ [6]
-----------------------------------------------
                0.04    0.00 10541054/10541054     advance_windm_edsclrm_module_mp_advance_windm_edsclrm_ [1]
[7]     11.8    0.04    0.00 10541054         advance_windm_edsclrm_module_mp_xpwp_fnc_ [7]
-----------------------------------------------
                0.02    0.00   20002/20002       advance_windm_edsclrm_module_mp_advance_windm_edsclrm_ [1]
[8]      5.9    0.02    0.00   20002         clip_explicit_mp_clip_covar_ [8]
-----------------------------------------------
                0.00    0.01   20002/20002       advance_windm_edsclrm_module_mp_advance_windm_edsclrm_ [1]
[9]      4.0    0.00    0.01   20002         advance_windm_edsclrm_module_mp_windm_edsclrm_lhs_ [9]
                0.01    0.00  640064/6080608     diffusion_mp_diffusion_zt_lhs_ [6]
-----------------------------------------------
                0.00    0.01   20002/20002       advance_windm_edsclrm_module_mp_advance_windm_edsclrm_ [1]
[10]     2.9    0.00    0.01   20002         advance_windm_edsclrm_module_mp_windm_edsclrm_solve_ [10]
                0.01    0.00   20002/20002       lapack_wrap_mp_tridag_solve_ [11]
-----------------------------------------------
                0.01    0.00   20002/20002       advance_windm_edsclrm_module_mp_windm_edsclrm_solve_ [10]
[11]     2.9    0.01    0.00   20002         lapack_wrap_mp_tridag_solve_ [11]
-----------------------------------------------
                0.00    0.00   40004/40004       advance_windm_edsclrm_module_mp_advance_windm_edsclrm_ [1]
[12]     0.0    0.00    0.00   40004         error_code_mp_fatal_error_ [12]
-----------------------------------------------
                0.00    0.00   20002/20002       advance_windm_edsclrm_module_mp_advance_windm_edsclrm_ [1]
[13]     0.0    0.00    0.00   20002         advance_windm_edsclrm_module_mp_compute_uv_tndcy_ [13]
-----------------------------------------------
                0.00    0.00   10001/10001       advance_windm_edsclrm_module_mp_advance_windm_edsclrm_ [1]
[14]     0.0    0.00    0.00   10001         error_code_mp_clubb_at_least_debug_level_ [14]
-----------------------------------------------
                0.00    0.00      12/12          MAIN__ [2]
[15]     0.0    0.00    0.00      12         kernel_driver_IP_kgen_read_real_core_rknd_dim1_ [15]
-----------------------------------------------
                0.00    0.00       9/9           stat_file_module_mp_kgen_read_stat_file_ [21]
[16]     0.0    0.00    0.00       9         stat_file_module_mp_kgen_read_real_core_rknd_dim1_ptr_ [16]
-----------------------------------------------
                0.00    0.00       6/6           grid_class_mp_kgen_read_externs_grid_class_ [32]
[17]     0.0    0.00    0.00       6         grid_class_mp_kgen_read_real_core_rknd_dim1_ptr_ [17]
-----------------------------------------------
                0.00    0.00       6/6           stats_variables_mp_kgen_read_externs_stats_variables_ [41]
[18]     0.0    0.00    0.00       6         stats_variables_mp_kgen_read_real_core_rknd_dim1_alloc_ [18]
-----------------------------------------------
                0.00    0.00       4/4           advance_clubb_core_module_mp_advance_clubb_core_ [3]
[19]     0.0    0.00    0.00       4         advance_clubb_core_moduleadvance_clubb_core_mp_kgen_verify_real_core_rknd_dim1_ [19]
-----------------------------------------------
                0.00    0.00       4/4           variables_diagnostic_module_mp_kgen_read_externs_variables_diagnostic_module_ [42]
[20]     0.0    0.00    0.00       4         variables_diagnostic_module_mp_kgen_read_real_core_rknd_dim1_alloc_ [20]
-----------------------------------------------
                0.00    0.00       3/3           stats_type_mp_kgen_read_stats_ [27]
[21]     0.0    0.00    0.00       3         stat_file_module_mp_kgen_read_stat_file_ [21]
                0.00    0.00       9/9           stat_file_module_mp_kgen_read_real_core_rknd_dim1_ptr_ [16]
                0.00    0.00       3/3           stat_file_module_mp_kgen_read_variable_dim1_ptr_ [22]
-----------------------------------------------
                0.00    0.00       3/3           stat_file_module_mp_kgen_read_stat_file_ [21]
[22]     0.0    0.00    0.00       3         stat_file_module_mp_kgen_read_variable_dim1_ptr_ [22]
-----------------------------------------------
                0.00    0.00       3/3           stats_type_mp_kgen_read_stats_ [27]
[23]     0.0    0.00    0.00       3         stats_type_mp_kgen_read_integer_stat_nknd_dim4_ptr_ [23]
-----------------------------------------------
                0.00    0.00       3/3           stats_type_mp_kgen_read_stats_ [27]
[24]     0.0    0.00    0.00       3         stats_type_mp_kgen_read_logical_4_dim4_ptr_ [24]
-----------------------------------------------
                0.00    0.00       3/3           stats_type_mp_kgen_read_stats_ [27]
[25]     0.0    0.00    0.00       3         stats_type_mp_kgen_read_real_core_rknd_dim1_ptr_ [25]
-----------------------------------------------
                0.00    0.00       3/3           stats_type_mp_kgen_read_stats_ [27]
[26]     0.0    0.00    0.00       3         stats_type_mp_kgen_read_real_stat_rknd_dim4_ptr_ [26]
-----------------------------------------------
                0.00    0.00       3/3           stats_variables_mp_kgen_read_externs_stats_variables_ [41]
[27]     0.0    0.00    0.00       3         stats_type_mp_kgen_read_stats_ [27]
                0.00    0.00       3/3           stats_type_mp_kgen_read_real_core_rknd_dim1_ptr_ [25]
                0.00    0.00       3/3           stats_type_mp_kgen_read_real_stat_rknd_dim4_ptr_ [26]
                0.00    0.00       3/3           stats_type_mp_kgen_read_integer_stat_nknd_dim4_ptr_ [23]
                0.00    0.00       3/3           stats_type_mp_kgen_read_logical_4_dim4_ptr_ [24]
                0.00    0.00       3/3           stat_file_module_mp_kgen_read_stat_file_ [21]
-----------------------------------------------
                0.00    0.00       2/2           grid_class_mp_kgen_read_externs_grid_class_ [32]
[28]     0.0    0.00    0.00       2         grid_class_mp_kgen_read_real_core_rknd_dim2_ptr_ [28]
-----------------------------------------------
                0.00    0.00       2/2           MAIN__ [2]
[29]     0.0    0.00    0.00       2         kernel_driver_IP_kgen_read_real_core_rknd_dim2_ [29]
-----------------------------------------------
                0.00    0.00       1/1           advance_clubb_core_module_mp_advance_clubb_core_ [3]
[30]     0.0    0.00    0.00       1         advance_clubb_core_moduleadvance_clubb_core_mp_kgen_verify_real_core_rknd_dim2_ [30]
-----------------------------------------------
                0.00    0.00       1/1           MAIN__ [2]
[31]     0.0    0.00    0.00       1         error_code_mp_kgen_read_externs_error_code_ [31]
-----------------------------------------------
                0.00    0.00       1/1           MAIN__ [2]
[32]     0.0    0.00    0.00       1         grid_class_mp_kgen_read_externs_grid_class_ [32]
                0.00    0.00       6/6           grid_class_mp_kgen_read_real_core_rknd_dim1_ptr_ [17]
                0.00    0.00       2/2           grid_class_mp_kgen_read_real_core_rknd_dim2_ptr_ [28]
-----------------------------------------------
                0.00    0.00       1/1           advance_clubb_core_module_mp_advance_clubb_core_ [3]
[33]     0.0    0.00    0.00       1         kgen_utils_mod_mp_kgen_init_check_ [33]
-----------------------------------------------
                0.00    0.00       1/1           advance_clubb_core_module_mp_advance_clubb_core_ [3]
[34]     0.0    0.00    0.00       1         kgen_utils_mod_mp_kgen_print_check_ [34]
-----------------------------------------------
                0.00    0.00       1/1           MAIN__ [2]
[35]     0.0    0.00    0.00       1         model_flags_mp_kgen_read_externs_model_flags_ [35]
-----------------------------------------------
                0.00    0.00       1/1           MAIN__ [2]
[36]     0.0    0.00    0.00       1         parameters_model_mp_kgen_read_externs_parameters_model_ [36]
-----------------------------------------------
                0.00    0.00       1/1           MAIN__ [2]
[37]     0.0    0.00    0.00       1         parameters_tunable_mp_kgen_read_externs_parameters_tunable_ [37]
-----------------------------------------------
                0.00    0.00       1/1           MAIN__ [2]
[38]     0.0    0.00    0.00       1         sponge_layer_damping_mp_kgen_read_externs_sponge_layer_damping_ [38]
                0.00    0.00       1/1           sponge_layer_damping_mp_kgen_read_real_core_rknd_dim1_ptr_ [39]
-----------------------------------------------
                0.00    0.00       1/1           sponge_layer_damping_mp_kgen_read_externs_sponge_layer_damping_ [38]
[39]     0.0    0.00    0.00       1         sponge_layer_damping_mp_kgen_read_real_core_rknd_dim1_ptr_ [39]
-----------------------------------------------
                0.00    0.00       1/1           MAIN__ [2]
[40]     0.0    0.00    0.00       1         stat_file_module_mp_kgen_read_externs_stat_file_module_ [40]
-----------------------------------------------
                0.00    0.00       1/1           MAIN__ [2]
[41]     0.0    0.00    0.00       1         stats_variables_mp_kgen_read_externs_stats_variables_ [41]
                0.00    0.00       6/6           stats_variables_mp_kgen_read_real_core_rknd_dim1_alloc_ [18]
                0.00    0.00       3/3           stats_type_mp_kgen_read_stats_ [27]
-----------------------------------------------
                0.00    0.00       1/1           MAIN__ [2]
[42]     0.0    0.00    0.00       1         variables_diagnostic_module_mp_kgen_read_externs_variables_diagnostic_module_ [42]
                0.00    0.00       4/4           variables_diagnostic_module_mp_kgen_read_real_core_rknd_dim1_alloc_ [20]
-----------------------------------------------

 This table describes the call tree of the program, and was sorted by
 the total amount of time spent in each function and its children.

 Each entry in this table consists of several lines.  The line with the
 index number at the left hand margin lists the current function.
 The lines above it list the functions that called this function,
 and the lines below it list the functions this one called.
 This line lists:
     index	A unique number given to each element of the table.
		Index numbers are sorted numerically.
		The index number is printed next to every function name so
		it is easier to look up where the function in the table.

     % time	This is the percentage of the `total' time that was spent
		in this function and its children.  Note that due to
		different viewpoints, functions excluded by options, etc,
		these numbers will NOT add up to 100%.

     self	This is the total amount of time spent in this function.

     children	This is the total amount of time propagated into this
		function by its children.

     called	This is the number of times the function was called.
		If the function called itself recursively, the number
		only includes non-recursive calls, and is followed by
		a `+' and the number of recursive calls.

     name	The name of the current function.  The index number is
		printed after it.  If the function is a member of a
		cycle, the cycle number is printed between the
		function's name and the index number.


 For the function's parents, the fields have the following meanings:

     self	This is the amount of time that was propagated directly
		from the function into this parent.

     children	This is the amount of time that was propagated from
		the function's children into this parent.

     called	This is the number of times this parent called the
		function `/' the total number of times the function
		was called.  Recursive calls to the function are not
		included in the number after the `/'.

     name	This is the name of the parent.  The parent's index
		number is printed after it.  If the parent is a
		member of a cycle, the cycle number is printed between
		the name and the index number.

 If the parents of the function cannot be determined, the word
 `<spontaneous>' is printed in the `name' field, and all the other
 fields are blank.

 For the function's children, the fields have the following meanings:

     self	This is the amount of time that was propagated directly
		from the child into the function.

     children	This is the amount of time that was propagated from the
		child's children to the function.

     called	This is the number of times the function called
		this child `/' the total number of times the child
		was called.  Recursive calls by the child are not
		listed in the number after the `/'.

     name	This is the name of the child.  The child's index
		number is printed after it.  If the child is a
		member of a cycle, the cycle number is printed
		between the name and the index number.

 If there are any cycles (circles) in the call graph, there is an
 entry for the cycle-as-a-whole.  This entry shows who called the
 cycle (as parents) and the members of the cycle (as children.)
 The `+' recursive calls entry shows the number of function calls that
 were internal to the cycle, and the calls entry for each member shows,
 for that member, how many times it was called from other members of
 the cycle.


Index by function name

   [2] MAIN__                 [31] error_code_mp_kgen_read_externs_error_code_ [40] stat_file_module_mp_kgen_read_externs_stat_file_module_
   [3] advance_clubb_core_module_mp_advance_clubb_core_ [32] grid_class_mp_kgen_read_externs_grid_class_ [16] stat_file_module_mp_kgen_read_real_core_rknd_dim1_ptr_
  [19] advance_clubb_core_moduleadvance_clubb_core_mp_kgen_verify_real_core_rknd_dim1_ [17] grid_class_mp_kgen_read_real_core_rknd_dim1_ptr_ [21] stat_file_module_mp_kgen_read_stat_file_
  [30] advance_clubb_core_moduleadvance_clubb_core_mp_kgen_verify_real_core_rknd_dim2_ [28] grid_class_mp_kgen_read_real_core_rknd_dim2_ptr_ [22] stat_file_module_mp_kgen_read_variable_dim1_ptr_
   [1] advance_windm_edsclrm_module_mp_advance_windm_edsclrm_ [15] kernel_driver_IP_kgen_read_real_core_rknd_dim1_ [23] stats_type_mp_kgen_read_integer_stat_nknd_dim4_ptr_
  [13] advance_windm_edsclrm_module_mp_compute_uv_tndcy_ [29] kernel_driver_IP_kgen_read_real_core_rknd_dim2_ [24] stats_type_mp_kgen_read_logical_4_dim4_ptr_
   [9] advance_windm_edsclrm_module_mp_windm_edsclrm_lhs_ [33] kgen_utils_mod_mp_kgen_init_check_ [25] stats_type_mp_kgen_read_real_core_rknd_dim1_ptr_
   [5] advance_windm_edsclrm_module_mp_windm_edsclrm_rhs_ [34] kgen_utils_mod_mp_kgen_print_check_ [26] stats_type_mp_kgen_read_real_stat_rknd_dim4_ptr_
  [10] advance_windm_edsclrm_module_mp_windm_edsclrm_solve_ [11] lapack_wrap_mp_tridag_solve_ [27] stats_type_mp_kgen_read_stats_
   [7] advance_windm_edsclrm_module_mp_xpwp_fnc_ [35] model_flags_mp_kgen_read_externs_model_flags_ [41] stats_variables_mp_kgen_read_externs_stats_variables_
   [8] clip_explicit_mp_clip_covar_ [36] parameters_model_mp_kgen_read_externs_parameters_model_ [18] stats_variables_mp_kgen_read_real_core_rknd_dim1_alloc_
   [6] diffusion_mp_diffusion_zt_lhs_ [37] parameters_tunable_mp_kgen_read_externs_parameters_tunable_ [42] variables_diagnostic_module_mp_kgen_read_externs_variables_diagnostic_module_
  [14] error_code_mp_clubb_at_least_debug_level_ [38] sponge_layer_damping_mp_kgen_read_externs_sponge_layer_damping_ [20] variables_diagnostic_module_mp_kgen_read_real_core_rknd_dim1_alloc_
  [12] error_code_mp_fatal_error_ [39] sponge_layer_damping_mp_kgen_read_real_core_rknd_dim1_ptr_
