 
 ***************** Verification against 'imp_sol.1.0' *****************
 
 Number of verified variables:            1
 Number of identical variables:            1
 Number of non-identical variables within tolerance:            0
 Number of non-identical variables out of tolerance:            0
 Tolerance:   1.000000000000000E-015
 
 Verification PASSED
 
 imp_sol : Time per call (usec):    63186.3281250000     
 
 ***************** Verification against 'imp_sol.48.0' *****************
 
 Number of verified variables:            1
 Number of identical variables:            1
 Number of non-identical variables within tolerance:            0
 Number of non-identical variables out of tolerance:            0
 Tolerance:   1.000000000000000E-015
 
 Verification PASSED
 
 imp_sol : Time per call (usec):    62351.2812500000     
 
 ***************** Verification against 'imp_sol.1.60' *****************
 
 Number of verified variables:            1
 Number of identical variables:            1
 Number of non-identical variables within tolerance:            0
 Number of non-identical variables out of tolerance:            0
 Tolerance:   1.000000000000000E-015
 
 Verification PASSED
 
 imp_sol : Time per call (usec):    64355.4414062500     
 
 ***************** Verification against 'imp_sol.48.60' *****************
 
 Number of verified variables:            1
 Number of identical variables:            1
 Number of non-identical variables within tolerance:            0
 Number of non-identical variables out of tolerance:            0
 Tolerance:   1.000000000000000E-015
 
 Verification PASSED
 
 imp_sol : Time per call (usec):    61728.7890625000     
 
 ******************************************************************************
 imp_sol summary: Total number of verification cases: 4
 imp_sol summary: Average call time of all calls (usec): 
   62905.4599609375     
 ******************************************************************************
